This file contains any messages produced by compilers while
running configure, to aid debugging if configure makes a mistake.

It was created by Darkbot configure 8rc1, which was
generated by GNU Autoconf 2.59.  Invocation command line was

  $ ./configure 

## --------- ##
## Platform. ##
## --------- ##

hostname = spidermanron
uname -m = x86_64
uname -r = 3.1.4(0.340/5/3)
uname -s = CYGWIN_NT-6.3
uname -v = 2020-02-19 08:49

/usr/bin/uname -p = unknown
/bin/uname -X     = unknown

/bin/arch              = x86_64
/usr/bin/arch -k       = unknown
/usr/convex/getsysinfo = unknown
hostinfo               = unknown
/bin/machine           = unknown
/usr/bin/oslevel       = unknown
/bin/universe          = unknown

PATH: /usr/local/bin
PATH: /usr/bin
PATH: /cygdrive/c/Program Files (x86)/AMD APP/bin/x86_64
PATH: /cygdrive/c/Program Files (x86)/AMD APP/bin/x86
PATH: /cygdrive/c/WINDOWS/system32
PATH: /cygdrive/c/WINDOWS
PATH: /cygdrive/c/WINDOWS/System32/Wbem
PATH: /cygdrive/c/WINDOWS/System32/WindowsPowerShell/v1.0
PATH: /cygdrive/c/Program Files (x86)/ATI Technologies/ATI.ACE/Core-Static
PATH: /cygdrive/c/Program Files (x86)/Windows Live/Shared
PATH: /cygdrive/c/WINDOWS/system32/config/systemprofile/.dnx/bin
PATH: /cygdrive/c/Program Files/Microsoft DNX/Dnvm
PATH: /cygdrive/c/Program Files/Microsoft SQL Server/120/Tools/Binn
PATH: /cygdrive/c/Program Files (x86)/Windows Kits/10/Windows Performance Toolkit
PATH: /cygdrive/c/Program Files (x86)/nodejs
PATH: /cygdrive/c/Program Files/Git/cmd
PATH: /cygdrive/c/Users/Ronald/AppData/Roaming/npm


## ----------- ##
## Core tests. ##
## ----------- ##

configure:1327: checking whether to enable maintainer-specific portions of Makefiles
configure:1336: result: no
configure:1396: checking for a BSD-compatible install
configure:1451: result: /usr/bin/install -c
configure:1462: checking whether build environment is sane
configure:1505: result: yes
configure:1538: checking for gawk
configure:1554: found /usr/bin/gawk
configure:1564: result: gawk
configure:1574: checking whether make sets $(MAKE)
configure:1594: result: yes
configure:1805: checking for gcc
configure:1821: found /usr/bin/gcc
configure:1831: result: gcc
configure:2075: checking for C compiler version
configure:2078: gcc --version </dev/null >&5
gcc (GCC) 9.3.0
Copyright (C) 2019 Free Software Foundation, Inc.
This is free software; see the source for copying conditions.  There is NO
warranty; not even for MERCHANTABILITY or FITNESS FOR A PARTICULAR PURPOSE.

configure:2081: $? = 0
configure:2083: gcc -v </dev/null >&5
Using built-in specs.
COLLECT_GCC=gcc
COLLECT_LTO_WRAPPER=/usr/lib/gcc/x86_64-pc-cygwin/9.3.0/lto-wrapper.exe
Target: x86_64-pc-cygwin
Configured with: /cygdrive/i/szsz/tmpp/gcc/gcc-9.3.0-1.x86_64/src/gcc-9.3.0/configure --srcdir=/cygdrive/i/szsz/tmpp/gcc/gcc-9.3.0-1.x86_64/src/gcc-9.3.0 --prefix=/usr --exec-prefix=/usr --localstatedir=/var --sysconfdir=/etc --docdir=/usr/share/doc/gcc --htmldir=/usr/share/doc/gcc/html -C --build=x86_64-pc-cygwin --host=x86_64-pc-cygwin --target=x86_64-pc-cygwin --without-libiconv-prefix --without-libintl-prefix --libexecdir=/usr/lib --enable-shared --enable-shared-libgcc --enable-static --enable-version-specific-runtime-libs --enable-bootstrap --enable-__cxa_atexit --with-dwarf2 --with-tune=generic --enable-languages=c,c++,fortran,lto,objc,obj-c++ --enable-graphite --enable-threads=posix --enable-libatomic --enable-libgomp --enable-libquadmath --enable-libquadmath-support --disable-libssp --enable-libada --disable-symvers --with-gnu-ld --with-gnu-as --with-cloog-include=/usr/include/cloog-isl --without-libiconv-prefix --without-libintl-prefix --with-system-zlib --enable-linker-build-id --with-default-libstdcxx-abi=gcc4-compatible --enable-libstdcxx-filesystem-ts
Thread model: posix
gcc version 9.3.0 (GCC) 
configure:2086: $? = 0
configure:2088: gcc -V </dev/null >&5
gcc: error: unrecognized command line option '-V'
gcc: fatal error: no input files
compilation terminated.
configure:2091: $? = 1
configure:2114: checking for C compiler default output file name
configure:2117: gcc    conftest.c  >&5
configure:2120: $? = 0
configure:2166: result: a.exe
configure:2171: checking whether the C compiler works
configure:2177: ./a.exe
configure:2180: $? = 0
configure:2197: result: yes
configure:2204: checking whether we are cross compiling
configure:2206: result: no
configure:2209: checking for suffix of executables
configure:2211: gcc -o conftest.exe    conftest.c  >&5
configure:2214: $? = 0
configure:2239: result: .exe
configure:2245: checking for suffix of object files
configure:2266: gcc -c   conftest.c >&5
configure:2269: $? = 0
configure:2291: result: o
configure:2295: checking whether we are using the GNU C compiler
configure:2319: gcc -c   conftest.c >&5
configure:2325: $? = 0
configure:2329: test -z 
			 || test ! -s conftest.err
configure:2332: $? = 0
configure:2335: test -s conftest.o
configure:2338: $? = 0
configure:2351: result: yes
configure:2357: checking whether gcc accepts -g
configure:2378: gcc -c -g  conftest.c >&5
configure:2384: $? = 0
configure:2388: test -z 
			 || test ! -s conftest.err
configure:2391: $? = 0
configure:2394: test -s conftest.o
configure:2397: $? = 0
configure:2408: result: yes
configure:2425: checking for gcc option to accept ANSI C
configure:2495: gcc  -c -g -O2  conftest.c >&5
configure:2501: $? = 0
configure:2505: test -z 
			 || test ! -s conftest.err
configure:2508: $? = 0
configure:2511: test -s conftest.o
configure:2514: $? = 0
configure:2532: result: none needed
configure:2550: gcc -c -g -O2  conftest.c >&5
conftest.c:2:3: error: unknown type name 'choke'
    2 |   choke me
      |   ^~~~~
conftest.c:2:3: error: expected '=', ',', ';', 'asm' or '__attribute__' at end of input
configure:2556: $? = 1
configure: failed program was:
| #ifndef __cplusplus
|   choke me
| #endif
configure:2700: checking for style of include used by make
configure:2728: result: GNU
configure:2756: checking dependency style of gcc
configure:2839: result: gcc3
configure:2869: checking for a BSD-compatible install
configure:2924: result: /usr/bin/install -c
configure:2935: checking whether make sets $(MAKE)
configure:2955: result: yes
configure:2966: checking for rm
configure:2984: found /usr/bin/rm
configure:2996: result: /usr/bin/rm
configure:3005: checking for cp
configure:3023: found /usr/bin/cp
configure:3035: result: /usr/bin/cp
configure:3045: checking for main in -lcrypt
configure:3069: gcc -o conftest.exe -g -O2   conftest.c -lcrypt   >&5
/usr/lib/gcc/x86_64-pc-cygwin/9.3.0/../../../../x86_64-pc-cygwin/bin/ld: cannot find -lcrypt
collect2: error: ld returned 1 exit status
configure:3075: $? = 1
configure: failed program was:
| /* confdefs.h.  */
| 
| #define PACKAGE_NAME "Darkbot"
| #define PACKAGE_TARNAME "darkbot"
| #define PACKAGE_VERSION "8rc1"
| #define PACKAGE_STRING "Darkbot 8rc1"
| #define PACKAGE_BUGREPORT "ron@darkbot.org"
| #define PACKAGE "darkbot"
| #define VERSION "7f3(dev)"
| /* end confdefs.h.  */
| 
| 
| int
| main ()
| {
| main ();
|   ;
|   return 0;
| }
configure:3101: result: no
configure:3113: checking for main in -luser32
configure:3137: gcc -o conftest.exe -g -O2   conftest.c -luser32   >&5
configure:3143: $? = 0
configure:3147: test -z 
			 || test ! -s conftest.err
configure:3150: $? = 0
configure:3153: test -s conftest.exe
configure:3156: $? = 0
configure:3169: result: yes
configure:3186: checking how to run the C preprocessor
configure:3221: gcc -E  conftest.c
configure:3227: $? = 0
configure:3259: gcc -E  conftest.c
conftest.c:12:10: fatal error: ac_nonexistent.h: No such file or directory
   12 | #include <ac_nonexistent.h>
      |          ^~~~~~~~~~~~~~~~~~
compilation terminated.
configure:3265: $? = 1
configure: failed program was:
| /* confdefs.h.  */
| 
| #define PACKAGE_NAME "Darkbot"
| #define PACKAGE_TARNAME "darkbot"
| #define PACKAGE_VERSION "8rc1"
| #define PACKAGE_STRING "Darkbot 8rc1"
| #define PACKAGE_BUGREPORT "ron@darkbot.org"
| #define PACKAGE "darkbot"
| #define VERSION "7f3(dev)"
| #define HAVE_LIBUSER32 1
| /* end confdefs.h.  */
| #include <ac_nonexistent.h>
configure:3304: result: gcc -E
configure:3328: gcc -E  conftest.c
configure:3334: $? = 0
configure:3366: gcc -E  conftest.c
conftest.c:12:10: fatal error: ac_nonexistent.h: No such file or directory
   12 | #include <ac_nonexistent.h>
      |          ^~~~~~~~~~~~~~~~~~
compilation terminated.
configure:3372: $? = 1
configure: failed program was:
| /* confdefs.h.  */
| 
| #define PACKAGE_NAME "Darkbot"
| #define PACKAGE_TARNAME "darkbot"
| #define PACKAGE_VERSION "8rc1"
| #define PACKAGE_STRING "Darkbot 8rc1"
| #define PACKAGE_BUGREPORT "ron@darkbot.org"
| #define PACKAGE "darkbot"
| #define VERSION "7f3(dev)"
| #define HAVE_LIBUSER32 1
| /* end confdefs.h.  */
| #include <ac_nonexistent.h>
configure:3416: checking for egrep
configure:3426: result: grep -E
configure:3431: checking for ANSI C header files
configure:3456: gcc -c -g -O2  conftest.c >&5
configure:3462: $? = 0
configure:3466: test -z 
			 || test ! -s conftest.err
configure:3469: $? = 0
configure:3472: test -s conftest.o
configure:3475: $? = 0
configure:3564: gcc -o conftest.exe -g -O2   conftest.c -luser32  >&5
conftest.c: In function 'main':
conftest.c:29:7: warning: implicit declaration of function 'exit' [-Wimplicit-function-declaration]
   29 |       exit(2);
      |       ^~~~
conftest.c:29:7: warning: incompatible implicit declaration of built-in function 'exit'
conftest.c:13:1: note: include '<stdlib.h>' or provide a declaration of 'exit'
   12 | #include <ctype.h>
  +++ |+#include <stdlib.h>
   13 | #if ((' ' & 0x0FF) == 0x020)
conftest.c:30:3: warning: incompatible implicit declaration of built-in function 'exit'
   30 |   exit (0);
      |   ^~~~
conftest.c:30:3: note: include '<stdlib.h>' or provide a declaration of 'exit'
configure:3567: $? = 0
configure:3569: ./conftest.exe
configure:3572: $? = 0
configure:3587: result: yes
configure:3611: checking for sys/types.h
configure:3627: gcc -c -g -O2  conftest.c >&5
configure:3633: $? = 0
configure:3637: test -z 
			 || test ! -s conftest.err
configure:3640: $? = 0
configure:3643: test -s conftest.o
configure:3646: $? = 0
configure:3657: result: yes
configure:3611: checking for sys/stat.h
configure:3627: gcc -c -g -O2  conftest.c >&5
configure:3633: $? = 0
configure:3637: test -z 
			 || test ! -s conftest.err
configure:3640: $? = 0
configure:3643: test -s conftest.o
configure:3646: $? = 0
configure:3657: result: yes
configure:3611: checking for stdlib.h
configure:3627: gcc -c -g -O2  conftest.c >&5
configure:3633: $? = 0
configure:3637: test -z 
			 || test ! -s conftest.err
configure:3640: $? = 0
configure:3643: test -s conftest.o
configure:3646: $? = 0
configure:3657: result: yes
configure:3611: checking for string.h
configure:3627: gcc -c -g -O2  conftest.c >&5
configure:3633: $? = 0
configure:3637: test -z 
			 || test ! -s conftest.err
configure:3640: $? = 0
configure:3643: test -s conftest.o
configure:3646: $? = 0
configure:3657: result: yes
configure:3611: checking for memory.h
configure:3627: gcc -c -g -O2  conftest.c >&5
configure:3633: $? = 0
configure:3637: test -z 
			 || test ! -s conftest.err
configure:3640: $? = 0
configure:3643: test -s conftest.o
configure:3646: $? = 0
configure:3657: result: yes
configure:3611: checking for strings.h
configure:3627: gcc -c -g -O2  conftest.c >&5
configure:3633: $? = 0
configure:3637: test -z 
			 || test ! -s conftest.err
configure:3640: $? = 0
configure:3643: test -s conftest.o
configure:3646: $? = 0
configure:3657: result: yes
configure:3611: checking for inttypes.h
configure:3627: gcc -c -g -O2  conftest.c >&5
configure:3633: $? = 0
configure:3637: test -z 
			 || test ! -s conftest.err
configure:3640: $? = 0
configure:3643: test -s conftest.o
configure:3646: $? = 0
configure:3657: result: yes
configure:3611: checking for stdint.h
configure:3627: gcc -c -g -O2  conftest.c >&5
configure:3633: $? = 0
configure:3637: test -z 
			 || test ! -s conftest.err
configure:3640: $? = 0
configure:3643: test -s conftest.o
configure:3646: $? = 0
configure:3657: result: yes
configure:3611: checking for unistd.h
configure:3627: gcc -c -g -O2  conftest.c >&5
configure:3633: $? = 0
configure:3637: test -z 
			 || test ! -s conftest.err
configure:3640: $? = 0
configure:3643: test -s conftest.o
configure:3646: $? = 0
configure:3657: result: yes
configure:3669: checking for clock_t size_t
configure:3693: gcc -c -g -O2  conftest.c >&5
conftest.c: In function 'main':
conftest.c:59:13: error: expected ')' before 'size_t'
   59 | if ((clock_t size_t *) 0)
      |     ~       ^~~~~~~
      |             )
conftest.c:61:20: error: expected ')' before 'size_t'
   61 | if (sizeof (clock_t size_t))
      |            ~       ^~~~~~~
      |                    )
configure:3699: $? = 1
configure: failed program was:
| /* confdefs.h.  */
| 
| #define PACKAGE_NAME "Darkbot"
| #define PACKAGE_TARNAME "darkbot"
| #define PACKAGE_VERSION "8rc1"
| #define PACKAGE_STRING "Darkbot 8rc1"
| #define PACKAGE_BUGREPORT "ron@darkbot.org"
| #define PACKAGE "darkbot"
| #define VERSION "7f3(dev)"
| #define HAVE_LIBUSER32 1
| #define STDC_HEADERS 1
| #define HAVE_SYS_TYPES_H 1
| #define HAVE_SYS_STAT_H 1
| #define HAVE_STDLIB_H 1
| #define HAVE_STRING_H 1
| #define HAVE_MEMORY_H 1
| #define HAVE_STRINGS_H 1
| #define HAVE_INTTYPES_H 1
| #define HAVE_STDINT_H 1
| #define HAVE_UNISTD_H 1
| /* end confdefs.h.  */
| #include <stdio.h>
| #if HAVE_SYS_TYPES_H
| # include <sys/types.h>
| #endif
| #if HAVE_SYS_STAT_H
| # include <sys/stat.h>
| #endif
| #if STDC_HEADERS
| # include <stdlib.h>
| # include <stddef.h>
| #else
| # if HAVE_STDLIB_H
| #  include <stdlib.h>
| # endif
| #endif
| #if HAVE_STRING_H
| # if !STDC_HEADERS && HAVE_MEMORY_H
| #  include <memory.h>
| # endif
| # include <string.h>
| #endif
| #if HAVE_STRINGS_H
| # include <strings.h>
| #endif
| #if HAVE_INTTYPES_H
| # include <inttypes.h>
| #else
| # if HAVE_STDINT_H
| #  include <stdint.h>
| # endif
| #endif
| #if HAVE_UNISTD_H
| # include <unistd.h>
| #endif
| int
| main ()
| {
| if ((clock_t size_t *) 0)
|   return 0;
| if (sizeof (clock_t size_t))
|   return 0;
|   ;
|   return 0;
| }
configure:3723: result: no
configure:3743: checking for dirent.h that defines DIR
configure:3767: gcc -c -g -O2  conftest.c >&5
configure:3773: $? = 0
configure:3777: test -z 
			 || test ! -s conftest.err
configure:3780: $? = 0
configure:3783: test -s conftest.o
configure:3786: $? = 0
configure:3797: result: yes
configure:3810: checking for library containing opendir
configure:3840: gcc -o conftest.exe -g -O2   conftest.c -luser32  >&5
configure:3846: $? = 0
configure:3850: test -z 
			 || test ! -s conftest.err
configure:3853: $? = 0
configure:3856: test -s conftest.exe
configure:3859: $? = 0
configure:3929: result: none required
configure:4065: checking for ANSI C header files
configure:4221: result: yes
configure:4248: checking fcntl.h usability
configure:4260: gcc -c -g -O2  conftest.c >&5
configure:4266: $? = 0
configure:4270: test -z 
			 || test ! -s conftest.err
configure:4273: $? = 0
configure:4276: test -s conftest.o
configure:4279: $? = 0
configure:4289: result: yes
configure:4293: checking fcntl.h presence
configure:4303: gcc -E  conftest.c
configure:4309: $? = 0
configure:4329: result: yes
configure:4364: checking for fcntl.h
configure:4371: result: yes
configure:4248: checking sys/time.h usability
configure:4260: gcc -c -g -O2  conftest.c >&5
configure:4266: $? = 0
configure:4270: test -z 
			 || test ! -s conftest.err
configure:4273: $? = 0
configure:4276: test -s conftest.o
configure:4279: $? = 0
configure:4289: result: yes
configure:4293: checking sys/time.h presence
configure:4303: gcc -E  conftest.c
configure:4309: $? = 0
configure:4329: result: yes
configure:4364: checking for sys/time.h
configure:4371: result: yes
configure:4239: checking for unistd.h
configure:4244: result: yes
configure:4394: checking windows.h usability
configure:4406: gcc -c -g -O2  conftest.c >&5
configure:4412: $? = 0
configure:4416: test -z 
			 || test ! -s conftest.err
configure:4419: $? = 0
configure:4422: test -s conftest.o
configure:4425: $? = 0
configure:4435: result: yes
configure:4439: checking windows.h presence
configure:4449: gcc -E  conftest.c
configure:4455: $? = 0
configure:4475: result: yes
configure:4510: checking for windows.h
configure:4517: result: yes
configure:4531: checking for an ANSI C-conforming const
configure:4598: gcc -c -g -O2  conftest.c >&5
configure:4604: $? = 0
configure:4608: test -z 
			 || test ! -s conftest.err
configure:4611: $? = 0
configure:4614: test -s conftest.o
configure:4617: $? = 0
configure:4628: result: yes
configure:4639: checking whether time.h and sys/time.h may both be included
configure:4664: gcc -c -g -O2  conftest.c >&5
configure:4670: $? = 0
configure:4674: test -z 
			 || test ! -s conftest.err
configure:4677: $? = 0
configure:4680: test -s conftest.o
configure:4683: $? = 0
configure:4694: result: yes
configure:4705: checking return type of signal handlers
configure:4736: gcc -c -g -O2  conftest.c >&5
configure:4742: $? = 0
configure:4746: test -z 
			 || test ! -s conftest.err
configure:4749: $? = 0
configure:4752: test -s conftest.o
configure:4755: $? = 0
configure:4766: result: void
configure:4778: checking for vprintf
configure:4835: gcc -o conftest.exe -g -O2   conftest.c -luser32  >&5
conftest.c:54:6: warning: conflicting types for built-in function 'vprintf'; expected 'int(const char *, char *)' [-Wbuiltin-declaration-mismatch]
   54 | char vprintf ();
      |      ^~~~~~~
conftest.c:41:1: note: 'vprintf' is declared in header '<stdio.h>'
   40 | # include <limits.h>
   41 | #else
configure:4841: $? = 0
configure:4845: test -z 
			 || test ! -s conftest.err
configure:4848: $? = 0
configure:4851: test -s conftest.exe
configure:4854: $? = 0
configure:4866: result: yes
configure:4873: checking for _doprnt
configure:4930: gcc -o conftest.exe -g -O2   conftest.c -luser32  >&5
/usr/lib/gcc/x86_64-pc-cygwin/9.3.0/../../../../x86_64-pc-cygwin/bin/ld: /tmp/ccqtdbFY.o:/home/Ronald/darkbot/conftest.c:62: undefined reference to `_doprnt'
/usr/lib/gcc/x86_64-pc-cygwin/9.3.0/../../../../x86_64-pc-cygwin/bin/ld: /tmp/ccqtdbFY.o: in function `main':
/home/Ronald/darkbot/conftest.c:71: undefined reference to `_doprnt'
/home/Ronald/darkbot/conftest.c:71:(.text.startup+0xc): relocation truncated to fit: R_X86_64_PC32 against undefined symbol `_doprnt'
/usr/lib/gcc/x86_64-pc-cygwin/9.3.0/../../../../x86_64-pc-cygwin/bin/ld: /tmp/ccqtdbFY.o:conftest.c:(.rdata$.refptr._doprnt[.refptr._doprnt]+0x0): undefined reference to `_doprnt'
collect2: error: ld returned 1 exit status
configure:4936: $? = 1
configure: failed program was:
| /* confdefs.h.  */
| 
| #define PACKAGE_NAME "Darkbot"
| #define PACKAGE_TARNAME "darkbot"
| #define PACKAGE_VERSION "8rc1"
| #define PACKAGE_STRING "Darkbot 8rc1"
| #define PACKAGE_BUGREPORT "ron@darkbot.org"
| #define PACKAGE "darkbot"
| #define VERSION "7f3(dev)"
| #define HAVE_LIBUSER32 1
| #define STDC_HEADERS 1
| #define HAVE_SYS_TYPES_H 1
| #define HAVE_SYS_STAT_H 1
| #define HAVE_STDLIB_H 1
| #define HAVE_STRING_H 1
| #define HAVE_MEMORY_H 1
| #define HAVE_STRINGS_H 1
| #define HAVE_INTTYPES_H 1
| #define HAVE_STDINT_H 1
| #define HAVE_UNISTD_H 1
| #define HAVE_DIRENT_H 1
| #define STDC_HEADERS 1
| #define HAVE_FCNTL_H 1
| #define HAVE_SYS_TIME_H 1
| #define HAVE_UNISTD_H 1
| #define WIN32
| #define TIME_WITH_SYS_TIME 1
| #define RETSIGTYPE void
| #define HAVE_VPRINTF 1
| /* end confdefs.h.  */
| /* Define _doprnt to an innocuous variant, in case <limits.h> declares _doprnt.
|    For example, HP-UX 11i <limits.h> declares gettimeofday.  */
| #define _doprnt innocuous__doprnt
| 
| /* System header to define __stub macros and hopefully few prototypes,
|     which can conflict with char _doprnt (); below.
|     Prefer <limits.h> to <assert.h> if __STDC__ is defined, since
|     <limits.h> exists even on freestanding compilers.  */
| 
| #ifdef __STDC__
| # include <limits.h>
| #else
| # include <assert.h>
| #endif
| 
| #undef _doprnt
| 
| /* Override any gcc2 internal prototype to avoid an error.  */
| #ifdef __cplusplus
| extern "C"
| {
| #endif
| /* We use char because int might match the return type of a gcc2
|    builtin and then its argument prototype would still apply.  */
| char _doprnt ();
| /* The GNU C library defines this for functions which it implements
|     to always fail with ENOSYS.  Some functions are actually named
|     something starting with __ and the normal name is an alias.  */
| #if defined (__stub__doprnt) || defined (__stub____doprnt)
| choke me
| #else
| char (*f) () = _doprnt;
| #endif
| #ifdef __cplusplus
| }
| #endif
| 
| int
| main ()
| {
| return f != _doprnt;
|   ;
|   return 0;
| }
configure:4961: result: no
configure:4984: checking for select
configure:5041: gcc -o conftest.exe -g -O2   conftest.c -luser32  >&5
configure:5047: $? = 0
configure:5051: test -z 
			 || test ! -s conftest.err
configure:5054: $? = 0
configure:5057: test -s conftest.exe
configure:5060: $? = 0
configure:5072: result: yes
configure:4984: checking for socket
configure:5041: gcc -o conftest.exe -g -O2   conftest.c -luser32  >&5
configure:5047: $? = 0
configure:5051: test -z 
			 || test ! -s conftest.err
configure:5054: $? = 0
configure:5057: test -s conftest.exe
configure:5060: $? = 0
configure:5072: result: yes
configure:4984: checking for strspn
configure:5041: gcc -o conftest.exe -g -O2   conftest.c -luser32  >&5
conftest.c:57:6: warning: conflicting types for built-in function 'strspn'; expected 'long unsigned int(const char *, const char *)' [-Wbuiltin-declaration-mismatch]
   57 | char strspn ();
      |      ^~~~~~
conftest.c:44:1: note: 'strspn' is declared in header '<string.h>'
   43 | # include <limits.h>
   44 | #else
configure:5047: $? = 0
configure:5051: test -z 
			 || test ! -s conftest.err
configure:5054: $? = 0
configure:5057: test -s conftest.exe
configure:5060: $? = 0
configure:5072: result: yes
configure:4984: checking for strstr
configure:5041: gcc -o conftest.exe -g -O2   conftest.c -luser32  >&5
conftest.c:58:6: warning: conflicting types for built-in function 'strstr'; expected 'char *(const char *, const char *)' [-Wbuiltin-declaration-mismatch]
   58 | char strstr ();
      |      ^~~~~~
conftest.c:45:1: note: 'strstr' is declared in header '<string.h>'
   44 | # include <limits.h>
   45 | #else
configure:5047: $? = 0
configure:5051: test -z 
			 || test ! -s conftest.err
configure:5054: $? = 0
configure:5057: test -s conftest.exe
configure:5060: $? = 0
configure:5072: result: yes
configure:4984: checking for strtol
configure:5041: gcc -o conftest.exe -g -O2   conftest.c -luser32  >&5
configure:5047: $? = 0
configure:5051: test -z 
			 || test ! -s conftest.err
configure:5054: $? = 0
configure:5057: test -s conftest.exe
configure:5060: $? = 0
configure:5072: result: yes
configure:4984: checking for snprintf
configure:5041: gcc -o conftest.exe -g -O2   conftest.c -luser32  >&5
conftest.c:60:6: warning: conflicting types for built-in function 'snprintf'; expected 'int(char *, long unsigned int,  const char *, ...)' [-Wbuiltin-declaration-mismatch]
   60 | char snprintf ();
      |      ^~~~~~~~
conftest.c:47:1: note: 'snprintf' is declared in header '<stdio.h>'
   46 | # include <limits.h>
   47 | #else
configure:5047: $? = 0
configure:5051: test -z 
			 || test ! -s conftest.err
configure:5054: $? = 0
configure:5057: test -s conftest.exe
configure:5060: $? = 0
configure:5072: result: yes
configure:5205: creating ./config.status

## ---------------------- ##
## Running config.status. ##
## ---------------------- ##

This file was extended by Darkbot config.status 8rc1, which was
generated by GNU Autoconf 2.59.  Invocation command line was

  CONFIG_FILES    = 
  CONFIG_HEADERS  = 
  CONFIG_LINKS    = 
  CONFIG_COMMANDS = 
  $ ./config.status 

on spidermanron

config.status:692: creating source/Makefile
config.status:692: creating Makefile
config.status:796: creating source/config.h
config.status:1114: executing depfiles commands

## ---------------- ##
## Cache variables. ##
## ---------------- ##

ac_cv_c_compiler_gnu=yes
ac_cv_c_const=yes
ac_cv_env_CC_set=
ac_cv_env_CC_value=
ac_cv_env_CFLAGS_set=
ac_cv_env_CFLAGS_value=
ac_cv_env_CPPFLAGS_set=
ac_cv_env_CPPFLAGS_value=
ac_cv_env_CPP_set=
ac_cv_env_CPP_value=
ac_cv_env_LDFLAGS_set=
ac_cv_env_LDFLAGS_value=
ac_cv_env_build_alias_set=
ac_cv_env_build_alias_value=
ac_cv_env_host_alias_set=
ac_cv_env_host_alias_value=
ac_cv_env_target_alias_set=
ac_cv_env_target_alias_value=
ac_cv_exeext=.exe
ac_cv_func__doprnt=no
ac_cv_func_select=yes
ac_cv_func_snprintf=yes
ac_cv_func_socket=yes
ac_cv_func_strspn=yes
ac_cv_func_strstr=yes
ac_cv_func_strtol=yes
ac_cv_func_vprintf=yes
ac_cv_header_dirent_dirent_h=yes
ac_cv_header_fcntl_h=yes
ac_cv_header_inttypes_h=yes
ac_cv_header_memory_h=yes
ac_cv_header_stdc=yes
ac_cv_header_stdint_h=yes
ac_cv_header_stdlib_h=yes
ac_cv_header_string_h=yes
ac_cv_header_strings_h=yes
ac_cv_header_sys_stat_h=yes
ac_cv_header_sys_time_h=yes
ac_cv_header_sys_types_h=yes
ac_cv_header_time=yes
ac_cv_header_unistd_h=yes
ac_cv_header_windows_h=yes
ac_cv_lib_crypt_main=no
ac_cv_lib_user32_main=yes
ac_cv_objext=o
ac_cv_path_CP=/usr/bin/cp
ac_cv_path_RM=/usr/bin/rm
ac_cv_path_install='/usr/bin/install -c'
ac_cv_prog_AWK=gawk
ac_cv_prog_CPP='gcc -E'
ac_cv_prog_ac_ct_CC=gcc
ac_cv_prog_cc_g=yes
ac_cv_prog_cc_stdc=
ac_cv_prog_egrep='grep -E'
ac_cv_prog_make_make_set=yes
ac_cv_search_opendir='none required'
ac_cv_type_clock_t_size_t=no
ac_cv_type_signal=void
am_cv_CC_dependencies_compiler_type=gcc3

## ----------------- ##
## Output variables. ##
## ----------------- ##

ACLOCAL='${SHELL} /home/Ronald/darkbot/missing --run aclocal-1.7'
AMDEPBACKSLASH='\'
AMDEP_FALSE='#'
AMDEP_TRUE=''
AMTAR='${SHELL} /home/Ronald/darkbot/missing --run tar'
AUTOCONF='${SHELL} /home/Ronald/darkbot/missing --run autoconf'
AUTOHEADER='${SHELL} /home/Ronald/darkbot/missing --run autoheader'
AUTOMAKE='${SHELL} /home/Ronald/darkbot/missing --run automake-1.7'
AWK='gawk'
CC='gcc'
CCDEPMODE='depmode=gcc3'
CFLAGS='-g -O2'
CP='/usr/bin/cp'
CPP='gcc -E'
CPPFLAGS=''
CYGPATH_W='cygpath -w'
DEFS='-DHAVE_CONFIG_H'
DEPDIR='.deps'
ECHO_C=''
ECHO_N='-n'
ECHO_T=''
EGREP='grep -E'
EXEEXT='.exe'
INSTALL_DATA='${INSTALL} -m 644'
INSTALL_PROGRAM='${INSTALL}'
INSTALL_SCRIPT='${INSTALL}'
INSTALL_STRIP_PROGRAM='${SHELL} $(install_sh) -c -s'
LDFLAGS=''
LIBOBJS=''
LIBS='-luser32 '
LTLIBOBJS=''
MAINT='#'
MAINTAINER_MODE_FALSE=''
MAINTAINER_MODE_TRUE='#'
MAKEINFO='${SHELL} /home/Ronald/darkbot/missing --run makeinfo'
OBJEXT='o'
PACKAGE='darkbot'
PACKAGE_BUGREPORT='ron@darkbot.org'
PACKAGE_NAME='Darkbot'
PACKAGE_STRING='Darkbot 8rc1'
PACKAGE_TARNAME='darkbot'
PACKAGE_VERSION='8rc1'
PATH_SEPARATOR=':'
RM='/usr/bin/rm'
SET_MAKE=''
SHELL='/bin/sh'
STRIP=''
VERSION='7f3(dev)'
ac_ct_CC='gcc'
ac_ct_STRIP=''
am__fastdepCC_FALSE='#'
am__fastdepCC_TRUE=''
am__include='include'
am__leading_dot='.'
am__quote=''
bindir='${exec_prefix}/bin'
build_alias=''
datadir='${prefix}/share'
exec_prefix='${prefix}'
host_alias=''
includedir='${prefix}/include'
infodir='${prefix}/info'
install_sh='/home/Ronald/darkbot/install-sh'
libdir='${exec_prefix}/lib'
libexecdir='${exec_prefix}/libexec'
localstatedir='${prefix}/var'
mandir='${prefix}/man'
oldincludedir='/usr/include'
prefix='${HOME}/darkbot'
program_transform_name='s,x,x,'
sbindir='${exec_prefix}/sbin'
sharedstatedir='${prefix}/com'
sysconfdir='${prefix}/etc'
target_alias=''

## ----------- ##
## confdefs.h. ##
## ----------- ##

#define HAVE_DIRENT_H 1
#define HAVE_FCNTL_H 1
#define HAVE_INTTYPES_H 1
#define HAVE_LIBUSER32 1
#define HAVE_MEMORY_H 1
#define HAVE_SELECT 1
#define HAVE_SNPRINTF 1
#define HAVE_SOCKET 1
#define HAVE_STDINT_H 1
#define HAVE_STDLIB_H 1
#define HAVE_STRINGS_H 1
#define HAVE_STRING_H 1
#define HAVE_STRSPN 1
#define HAVE_STRSTR 1
#define HAVE_STRTOL 1
#define HAVE_SYS_STAT_H 1
#define HAVE_SYS_TIME_H 1
#define HAVE_SYS_TYPES_H 1
#define HAVE_UNISTD_H 1
#define HAVE_UNISTD_H 1
#define HAVE_VPRINTF 1
#define PACKAGE "darkbot"
#define PACKAGE_BUGREPORT "ron@darkbot.org"
#define PACKAGE_NAME "Darkbot"
#define PACKAGE_STRING "Darkbot 8rc1"
#define PACKAGE_TARNAME "darkbot"
#define PACKAGE_VERSION "8rc1"
#define RETSIGTYPE void
#define STDC_HEADERS 1
#define STDC_HEADERS 1
#define TIME_WITH_SYS_TIME 1
#define VERSION "7f3(dev)"
#define WIN32

configure: exit 0
